<?xml version="1.0" encoding="UTF-8"?>
<!-- Generated by org.testng.reporters.JUnitReportReporter -->
<testsuite skipped="0" hostname="UBQDT00047" name="pageObjectTest.LoginPageTest" tests="1" failures="0" timestamp="16 Mar 2022 05:37:31 GMT" time="0.736" errors="0">
  <testcase name="loginPage" time="0.736" classname="pageObjectTest.LoginPageTest"/>
</testsuite> <!-- pageObjectTest.LoginPageTest -->
