<?xml version="1.0" encoding="UTF-8"?>
<!-- Generated by org.testng.reporters.JUnitReportReporter -->
<testsuite skipped="0" hostname="UBQDT00106" name="pageObjectTest.LoginPageTest" tests="1" failures="0" timestamp="22 Mar 2022 07:35:09 GMT" time="26.160" errors="0">
  <testcase name="loginPage" time="26.160" classname="pageObjectTest.LoginPageTest"/>
</testsuite> <!-- pageObjectTest.LoginPageTest -->
